2024-06-20T07:21:56.560Z - GET /create
2024-06-20T07:21:56.608Z - GET /created-rooms
2024-06-20T07:21:57.863Z - GET /about
2024-06-20T07:21:57.901Z - GET /styles/home.css
2024-06-20T07:21:57.920Z - GET /access/home.css
2024-06-20T07:21:59.114Z - GET /create
2024-06-20T07:21:59.169Z - GET /created-rooms
2024-06-20T07:22:00.979Z - GET /join
2024-06-20T07:22:02.125Z - GET /profile/hari2
2024-06-20T07:22:03.170Z - GET /create
2024-06-20T07:22:03.228Z - GET /created-rooms
2024-06-20T07:22:06.801Z - POST /create-room
2024-06-20T07:22:06.822Z - GET /created-rooms
2024-06-20T07:22:07.865Z - GET /room/17492ca5-cc5e-4fad-8067-9a755599bef4
2024-06-20T07:22:28.809Z - GET /create
2024-06-20T07:22:28.818Z - GET /auth/login
2024-06-20T07:22:34.532Z - POST /auth/login
2024-06-20T07:22:34.599Z - GET /join
2024-06-20T07:22:35.719Z - GET /create
2024-06-20T07:22:35.781Z - GET /created-rooms
2024-06-20T07:28:39.201Z - GET /create
2024-06-20T07:28:39.209Z - GET /auth/login
2024-06-20T07:28:41.950Z - POST /auth/login
2024-06-20T07:28:42.021Z - GET /join
2024-06-20T07:31:18.942Z - GET /join
2024-06-20T07:32:40.944Z - GET /join
2024-06-20T07:37:03.909Z - GET /join
2024-06-20T07:37:03.915Z - GET /auth/login
2024-06-20T07:37:06.643Z - POST /auth/login
2024-06-20T07:37:06.705Z - GET /join
2024-06-20T07:37:10.604Z - GET /create
2024-06-20T07:37:10.653Z - GET /created-rooms
2024-06-20T07:37:17.531Z - GET /room/332bd1b1-46a5-4143-86ef-dbd78296cccf
2024-06-20T07:37:22.394Z - GET /join
2024-06-20T07:37:28.068Z - GET /create
2024-06-20T07:37:28.128Z - GET /created-rooms
2024-06-20T07:37:30.849Z - GET /room/332bd1b1-46a5-4143-86ef-dbd78296cccf
2024-06-20T07:37:44.807Z - GET /room/332bd1b1-46a5-4143-86ef-dbd78296cccf
2024-06-20T07:37:45.465Z - GET /room/332bd1b1-46a5-4143-86ef-dbd78296cccf
2024-06-20T07:37:47.941Z - GET /join
2024-06-20T07:47:07.047Z - GET /create
2024-06-20T07:47:07.096Z - GET /created-rooms
2024-06-20T07:47:07.936Z - GET /about
2024-06-20T07:47:07.971Z - GET /styles/home.css
2024-06-20T07:47:07.985Z - GET /access/home.css
2024-06-20T07:47:08.779Z - GET /create
2024-06-20T07:47:08.833Z - GET /created-rooms
2024-06-20T07:47:09.552Z - GET /join
2024-06-20T07:47:34.195Z - GET /create
2024-06-20T07:47:34.249Z - GET /created-rooms
2024-06-20T07:47:34.804Z - GET /about
2024-06-20T07:47:34.840Z - GET /styles/home.css
2024-06-20T07:47:34.853Z - GET /access/home.css
2024-06-20T07:47:35.674Z - GET /join
2024-06-20T07:50:41.943Z - GET /join
2024-06-20T07:59:30.677Z - GET /join
2024-06-20T07:59:32.925Z - GET /room/dfdfd
2024-06-20T07:59:32.937Z - GET /access/dfdfd
2024-06-20T07:59:53.096Z - GET /room/332bd1b1-46a5-4143-86ef-dbd78296cccf
2024-06-20T08:18:26.782Z - GET /room/17492ca5-cc5e-4fad-8067-9a755599bef4
2024-06-20T08:18:26.792Z - GET /access/17492ca5-cc5e-4fad-8067-9a755599bef4
2024-06-20T08:19:17.033Z - GET /room/17492ca5-cc5e-4fad-8067-9a755599bef4
2024-06-20T08:19:17.042Z - GET /access/17492ca5-cc5e-4fad-8067-9a755599bef4
2024-06-20T08:19:44.231Z - GET /join
2024-06-20T08:19:44.948Z - GET /create
2024-06-20T08:19:44.995Z - GET /created-rooms
2024-06-20T08:19:45.999Z - GET /join
2024-06-20T08:19:46.551Z - GET /create
2024-06-20T08:19:46.599Z - GET /created-rooms
2024-06-20T08:19:47.021Z - GET /about
2024-06-20T08:19:47.058Z - GET /styles/home.css
2024-06-20T08:19:47.069Z - GET /access/home.css
2024-06-20T08:19:47.658Z - GET /join
2024-06-20T08:19:48.120Z - GET /create
2024-06-20T08:19:48.170Z - GET /created-rooms
2024-06-20T08:19:48.571Z - GET /about
2024-06-20T08:19:48.618Z - GET /styles/home.css
2024-06-20T08:19:48.632Z - GET /access/home.css
2024-06-20T08:19:49.259Z - GET /join
2024-06-20T08:19:49.638Z - GET /create
2024-06-20T08:19:49.684Z - GET /created-rooms
2024-06-20T08:19:50.049Z - GET /about
2024-06-20T08:19:50.086Z - GET /styles/home.css
2024-06-20T08:19:50.098Z - GET /access/home.css
2024-06-20T08:19:50.520Z - GET /create
2024-06-20T08:19:50.566Z - GET /created-rooms
2024-06-20T08:19:50.921Z - GET /join
2024-06-20T08:19:51.295Z - GET /create
2024-06-20T08:19:51.348Z - GET /created-rooms
2024-06-20T08:19:51.640Z - GET /about
2024-06-20T08:19:51.674Z - GET /styles/home.css
2024-06-20T08:19:51.692Z - GET /access/home.css
2024-06-20T08:19:52.115Z - GET /join
2024-06-20T08:19:53.018Z - GET /create
2024-06-20T08:19:53.068Z - GET /created-rooms
2024-06-20T08:19:53.625Z - GET /about
2024-06-20T08:19:53.657Z - GET /styles/home.css
2024-06-20T08:19:53.671Z - GET /access/home.css
2024-06-20T08:19:54.084Z - GET /join
2024-06-20T08:20:14.598Z - GET /join
2024-06-20T08:20:25.313Z - GET /create
2024-06-20T08:20:25.364Z - GET /created-rooms
2024-06-20T08:23:14.173Z - GET /join
2024-06-20T08:24:58.304Z - GET /join
2024-06-20T08:25:00.648Z - GET /join
2024-06-20T08:25:00.838Z - GET /join
2024-06-20T08:25:01.018Z - GET /join
2024-06-20T08:25:01.191Z - GET /join
2024-06-20T08:25:15.334Z - GET /join
2024-06-20T08:27:26.675Z - GET /join
2024-06-20T08:27:27.132Z - GET /join
2024-06-20T08:27:27.332Z - GET /join
2024-06-20T08:28:33.962Z - GET /join
2024-06-20T08:28:41.228Z - GET /join
2024-06-20T08:28:41.796Z - GET /join
2024-06-20T08:29:01.938Z - GET /join
2024-06-20T08:29:23.994Z - GET /join
2024-06-20T08:30:38.340Z - GET /join
2024-06-20T08:30:49.489Z - GET /join
2024-06-20T08:32:53.142Z - GET /profile/hari
2024-06-20T08:33:04.021Z - GET /create
2024-06-20T08:33:04.074Z - GET /created-rooms
2024-06-20T08:33:10.608Z - GET /profile/hari
2024-06-20T08:33:14.725Z - POST /upload-image
2024-06-20T08:33:16.873Z - DELETE /delete-image
2024-06-20T08:33:18.871Z - GET /create
2024-06-20T08:33:18.915Z - GET /created-rooms
2024-06-20T08:33:20.008Z - GET /join
2024-06-20T08:33:20.589Z - GET /create
2024-06-20T08:33:20.639Z - GET /created-rooms
2024-06-20T08:33:21.489Z - GET /join
2024-06-20T08:33:22.690Z - GET /join
2024-06-20T08:33:38.857Z - GET /join
2024-06-20T08:34:04.820Z - GET /join
2024-06-20T08:34:17.360Z - GET /join
2024-06-20T08:34:17.732Z - GET /join
2024-06-20T08:34:35.463Z - GET /join
2024-06-20T08:35:34.686Z - GET /create
2024-06-20T08:35:34.732Z - GET /created-rooms
2024-06-20T08:35:37.957Z - GET /join
2024-06-20T08:38:43.503Z - GET /create
2024-06-20T08:38:43.553Z - GET /created-rooms
2024-06-20T08:38:44.014Z - GET /about
2024-06-20T08:38:44.048Z - GET /styles/home.css
2024-06-20T08:38:44.056Z - GET /access/home.css
2024-06-20T08:38:44.647Z - GET /join
2024-06-20T08:40:04.310Z - GET /join
2024-06-20T08:40:10.679Z - GET /join
2024-06-20T08:40:11.342Z - GET /join
2024-06-20T08:40:11.533Z - GET /join
2024-06-20T08:40:11.716Z - GET /join
2024-06-20T08:40:11.908Z - GET /join
2024-06-20T08:40:15.227Z - GET /join
2024-06-20T08:40:15.720Z - GET /join
2024-06-20T08:40:24.672Z - GET /join
2024-06-20T08:40:32.823Z - GET /join
2024-06-20T08:40:39.694Z - GET /join
2024-06-20T08:40:40.167Z - GET /join
2024-06-20T08:40:48.309Z - GET /join
2024-06-20T08:41:05.181Z - GET /join
2024-06-20T08:42:47.809Z - GET /create
2024-06-20T08:42:47.860Z - GET /created-rooms
2024-06-20T08:42:48.549Z - GET /about
2024-06-20T08:42:48.584Z - GET /styles/home.css
2024-06-20T08:42:48.592Z - GET /access/home.css
2024-06-20T08:42:49.326Z - GET /join
2024-06-20T08:42:50.035Z - GET /create
2024-06-20T08:42:50.079Z - GET /created-rooms
2024-06-20T08:42:52.971Z - GET /join
2024-06-20T08:42:53.909Z - GET /create
2024-06-20T08:42:53.949Z - GET /created-rooms
2024-06-20T08:42:56.281Z - GET /join
2024-06-20T08:42:57.010Z - GET /create
2024-06-20T08:42:57.060Z - GET /created-rooms
2024-06-20T08:42:57.730Z - GET /join
2024-06-20T08:42:58.769Z - GET /create
2024-06-20T08:42:58.813Z - GET /created-rooms
2024-06-20T08:42:59.402Z - GET /join
2024-06-20T08:45:05.354Z - GET /join
2024-06-20T08:45:23.864Z - GET /join
2024-06-20T08:45:48.586Z - GET /join
2024-06-20T08:45:56.932Z - GET /join
2024-06-20T08:46:43.232Z - GET /join
2024-06-20T08:48:26.252Z - GET /join
2024-06-20T08:48:27.174Z - GET /join
2024-06-20T08:48:30.600Z - GET /join
2024-06-20T08:49:45.279Z - GET /join
2024-06-20T08:49:49.711Z - GET /join
2024-06-20T08:49:49.889Z - GET /join
2024-06-20T08:50:44.234Z - GET /join
2024-06-20T08:50:58.586Z - GET /join
2024-06-20T08:50:59.144Z - GET /join
2024-06-20T08:50:59.332Z - GET /join
2024-06-20T08:51:06.838Z - GET /join
2024-06-20T08:51:07.312Z - GET /join
2024-06-20T08:51:07.497Z - GET /join
2024-06-20T08:51:33.377Z - GET /join
2024-06-20T08:51:34.315Z - GET /join
2024-06-20T08:51:34.542Z - GET /join
2024-06-20T08:51:34.736Z - GET /join
2024-06-20T08:51:34.974Z - GET /join
2024-06-20T08:51:35.173Z - GET /join
2024-06-20T08:51:49.882Z - GET /join
2024-06-20T08:51:50.402Z - GET /join
2024-06-20T08:52:26.373Z - GET /join
2024-06-20T08:52:45.715Z - GET /join
2024-06-20T08:52:46.266Z - GET /join
2024-06-20T08:52:54.734Z - GET /join
2024-06-20T08:53:13.799Z - GET /join
2024-06-20T08:53:14.379Z - GET /join
2024-06-20T08:53:21.907Z - GET /join
2024-06-20T08:53:40.249Z - GET /join
2024-06-20T08:53:46.265Z - GET /join
2024-06-20T08:53:46.815Z - GET /join
2024-06-20T08:54:02.664Z - GET /join
2024-06-20T08:54:10.274Z - GET /join
2024-06-20T08:54:29.930Z - GET /join
2024-06-20T09:01:13.277Z - GET /join
2024-06-20T09:01:51.009Z - GET /join
2024-06-20T09:01:55.772Z - GET /join
2024-06-20T09:02:09.329Z - GET /join
2024-06-20T09:02:09.983Z - GET /join
2024-06-20T09:02:10.165Z - GET /join
2024-06-20T09:02:18.788Z - GET /join
2024-06-20T09:02:24.334Z - GET /join
2024-06-20T09:02:35.726Z - GET /join
2024-06-20T09:02:50.382Z - GET /join
2024-06-20T09:02:51.127Z - GET /join
2024-06-20T09:02:51.332Z - GET /join
2024-06-20T09:02:51.534Z - GET /join
2024-06-20T09:02:51.725Z - GET /join
2024-06-20T09:03:05.525Z - GET /join
2024-06-20T09:03:06.255Z - GET /join
2024-06-20T09:03:28.976Z - GET /join
2024-06-20T09:03:29.491Z - GET /join
2024-06-20T09:03:29.729Z - GET /join
2024-06-20T09:03:29.920Z - GET /join
2024-06-20T09:03:30.117Z - GET /join
2024-06-20T09:03:38.355Z - GET /join
2024-06-20T09:03:38.768Z - GET /join
2024-06-20T09:03:38.972Z - GET /join
2024-06-20T09:03:43.761Z - GET /join
2024-06-20T09:03:48.641Z - GET /join
2024-06-20T09:04:05.247Z - GET /create
2024-06-20T09:04:05.299Z - GET /created-rooms
2024-06-20T09:04:06.036Z - GET /about
2024-06-20T09:04:06.078Z - GET /styles/home.css
2024-06-20T09:04:06.087Z - GET /access/home.css
2024-06-20T09:04:06.855Z - GET /join
2024-06-20T09:04:07.523Z - GET /create
2024-06-20T09:04:07.570Z - GET /created-rooms
2024-06-20T09:04:10.442Z - GET /join
2024-06-20T09:04:11.556Z - GET /create
2024-06-20T09:04:11.611Z - GET /created-rooms
2024-06-20T09:04:13.384Z - GET /join
2024-06-20T09:04:17.777Z - GET /create
2024-06-20T09:04:17.832Z - GET /created-rooms
2024-06-20T09:04:18.855Z - GET /join
2024-06-20T09:04:20.626Z - GET /create
2024-06-20T09:04:20.681Z - GET /created-rooms
2024-06-20T09:04:24.054Z - GET /join
2024-06-20T09:04:25.195Z - GET /create
2024-06-20T09:04:25.250Z - GET /created-rooms
2024-06-20T09:04:26.801Z - GET /join
2024-06-20T09:04:32.309Z - GET /create
2024-06-20T09:04:32.363Z - GET /created-rooms
2024-06-20T09:04:35.022Z - GET /join
2024-06-20T09:06:02.806Z - GET /create
2024-06-20T09:06:02.869Z - GET /created-rooms
2024-06-20T09:06:04.173Z - GET /join
2024-06-20T09:06:04.908Z - GET /create
2024-06-20T09:06:04.957Z - GET /created-rooms
2024-06-20T09:06:06.966Z - GET /join
2024-06-20T09:07:33.052Z - GET /join
2024-06-20T09:08:45.961Z - GET /create
2024-06-20T09:08:46.011Z - GET /created-rooms
2024-06-20T09:08:48.039Z - GET /join
2024-06-20T09:08:48.647Z - GET /create
2024-06-20T09:08:48.694Z - GET /created-rooms
2024-06-20T09:08:49.835Z - GET /join
2024-06-20T09:08:50.414Z - GET /create
2024-06-20T09:08:50.467Z - GET /created-rooms
2024-06-20T09:08:53.791Z - GET /join
2024-06-20T09:08:55.337Z - GET /create
2024-06-20T09:08:55.388Z - GET /created-rooms
2024-06-20T09:08:56.007Z - GET /join
2024-06-20T09:10:16.366Z - GET /create
2024-06-20T09:10:16.411Z - GET /created-rooms
2024-06-20T09:10:17.818Z - GET /join
2024-06-20T09:10:18.400Z - GET /create
2024-06-20T09:10:18.441Z - GET /created-rooms
2024-06-20T09:10:19.042Z - GET /join
2024-06-20T09:10:19.717Z - GET /create
2024-06-20T09:10:19.758Z - GET /created-rooms
2024-06-20T09:10:20.395Z - GET /join
2024-06-20T09:32:24.231Z - GET /favicon.ico
2024-06-20T09:32:25.246Z - GET /login
2024-06-20T09:32:25.453Z - GET /auth/login
2024-06-20T09:32:26.272Z - GET /login
2024-06-20T09:32:27.043Z - GET /auth/login
2024-06-20T09:37:25.476Z - POST /wp-login.php
2024-06-20T09:37:25.876Z - POST /wp-login.php
2024-06-20T09:37:26.047Z - POST /auth/login
2024-06-20T09:37:26.298Z - POST /auth/login
2024-06-20T09:37:26.468Z - POST /auth/login
2024-06-20T09:37:26.568Z - POST /wp-login.php
2024-06-20T09:37:26.695Z - POST /auth/login
2024-06-20T09:37:26.697Z - POST /wp-login.php
2024-06-20T09:37:26.900Z - POST /auth/login
2024-06-20T09:37:27.105Z - POST /auth/login
2024-06-20T09:37:27.152Z - POST /auth/login
2024-06-20T09:37:27.153Z - POST /auth/login
2024-06-20T09:37:27.300Z - POST /auth/login
2024-06-20T09:37:27.514Z - POST /auth/login
2024-06-20T09:37:27.577Z - POST /auth/login
2024-06-20T09:37:27.718Z - POST /auth/login
2024-06-20T09:37:27.720Z - POST /auth/login
2024-06-20T09:37:27.924Z - POST /auth/login
2024-06-20T09:37:27.941Z - POST /auth/login
2024-06-20T09:37:28.334Z - POST /auth/login
2024-06-20T09:37:28.336Z - POST /auth/login
2024-06-20T09:37:28.707Z - POST /auth/login
2024-06-20T09:37:29.157Z - POST /auth/login
2024-06-20T09:37:29.158Z - POST /auth/login
2024-06-20T09:37:29.159Z - POST /auth/login
2024-06-20T09:37:29.345Z - POST /auth/login
2024-06-20T09:37:29.399Z - POST /auth/login
2024-06-20T09:37:29.449Z - POST /auth/login
2024-06-20T09:37:29.539Z - POST /auth/login
2024-06-20T09:37:29.555Z - POST /auth/login
2024-06-20T09:37:29.638Z - POST /auth/login
2024-06-20T09:37:29.735Z - POST /auth/login
2024-06-20T09:37:29.801Z - POST /auth/login
2024-06-20T09:37:29.935Z - POST /auth/login
2024-06-20T09:37:29.978Z - POST /auth/login
2024-06-20T09:37:29.998Z - POST /auth/login
2024-06-20T09:37:30.323Z - POST /auth/login
2024-06-20T09:37:30.340Z - POST /auth/login
2024-06-20T09:37:30.742Z - POST /auth/login
2024-06-20T09:37:30.768Z - POST /auth/login
2024-06-20T09:37:31.125Z - POST /auth/login
2024-06-20T09:37:31.133Z - POST /auth/login
2024-06-20T09:37:31.481Z - POST /auth/login
2024-06-20T09:37:31.531Z - POST /auth/login
2024-06-20T09:37:31.799Z - POST /auth/login
2024-06-20T09:37:31.973Z - POST /auth/login
2024-06-20T09:37:32.097Z - POST /auth/login
2024-06-20T09:37:32.379Z - POST /auth/login
2024-06-20T09:37:32.561Z - POST /auth/login
2024-06-20T09:37:32.880Z - POST /auth/login
2024-06-20T09:37:32.889Z - POST /auth/login
2024-06-20T09:37:33.188Z - POST /auth/login
2024-06-20T09:37:33.523Z - POST /auth/login
2024-06-20T09:37:33.719Z - POST /auth/login
2024-06-20T09:37:34.030Z - POST /auth/login
2024-06-20T09:37:34.459Z - POST /auth/login
2024-06-20T09:37:34.460Z - POST /auth/login
2024-06-20T09:37:34.780Z - POST /auth/login
2024-06-20T09:37:34.792Z - POST /auth/login
2024-06-20T09:37:35.296Z - POST /auth/login
2024-06-20T09:37:35.297Z - POST /auth/login
2024-06-20T09:37:35.705Z - POST /auth/login
2024-06-20T09:37:36.115Z - POST /auth/login
2024-06-20T09:48:58.823Z - GET /
2024-06-20T09:49:02.088Z - GET /auth/login
2024-06-20T09:49:09.555Z - POST /auth/login
2024-06-20T09:49:10.017Z - GET /join
2024-06-20T09:49:29.961Z - GET /join
2024-06-20T09:49:29.968Z - GET /auth/login
2024-06-20T09:49:30.797Z - POST /wp-login.php
2024-06-20T09:49:31.411Z - POST /wp-login.php
2024-06-20T09:49:31.564Z - POST /wp-login.php
2024-06-20T09:49:31.764Z - POST /auth/login
2024-06-20T09:49:31.964Z - POST /wp-login.php
2024-06-20T09:49:31.966Z - POST /auth/login
2024-06-20T09:49:32.230Z - POST /auth/login
2024-06-20T09:49:32.232Z - POST /auth/login
2024-06-20T09:49:32.237Z - POST /auth/login
2024-06-20T09:49:32.330Z - POST /wp-login.php
2024-06-20T09:49:32.451Z - POST /auth/login
2024-06-20T09:49:32.640Z - POST /auth/login
2024-06-20T09:49:32.807Z - POST /auth/login
2024-06-20T09:49:32.809Z - POST /auth/login
2024-06-20T09:49:32.811Z - POST /auth/login
2024-06-20T09:49:32.936Z - POST /auth/login
2024-06-20T09:49:33.054Z - POST /auth/login
2024-06-20T09:49:33.122Z - GET /join
2024-06-20T09:49:33.458Z - POST /auth/login
2024-06-20T09:49:33.461Z - POST /auth/login
2024-06-20T09:49:33.462Z - POST /auth/login
2024-06-20T09:49:33.467Z - POST /auth/login
2024-06-20T09:49:33.813Z - POST /auth/login
2024-06-20T09:49:33.903Z - POST /auth/login
2024-06-20T09:49:34.000Z - POST /auth/login
2024-06-20T09:49:34.290Z - POST /auth/login
2024-06-20T09:49:34.324Z - POST /auth/login
2024-06-20T09:49:34.440Z - POST /auth/login
2024-06-20T09:49:34.609Z - POST /auth/login
2024-06-20T09:49:34.630Z - POST /auth/login
2024-06-20T09:49:34.673Z - POST /auth/login
2024-06-20T09:49:34.818Z - POST /auth/login
2024-06-20T09:49:34.827Z - POST /auth/login
2024-06-20T09:49:34.832Z - POST /auth/login
2024-06-20T09:49:35.091Z - POST /auth/login
2024-06-20T09:49:35.093Z - POST /auth/login
2024-06-20T09:49:35.316Z - POST /auth/login
2024-06-20T09:49:37.388Z - POST /auth/login
2024-06-20T09:49:37.390Z - POST /auth/login
2024-06-20T09:49:37.392Z - POST /auth/login
2024-06-20T09:49:37.440Z - GET /
2024-06-20T09:49:37.759Z - POST /auth/login
2024-06-20T09:49:37.760Z - POST /auth/login
2024-06-20T09:49:38.168Z - POST /auth/login
2024-06-20T09:49:38.169Z - POST /auth/login
2024-06-20T09:49:38.218Z - POST /auth/login
2024-06-20T09:49:38.399Z - POST /auth/login
2024-06-20T09:49:38.610Z - POST /auth/login
2024-06-20T09:49:38.783Z - POST /auth/login
2024-06-20T09:49:38.786Z - POST /auth/login
2024-06-20T09:49:38.974Z - POST /auth/login
2024-06-20T09:49:39.221Z - POST /auth/login
2024-06-20T09:49:39.314Z - POST /auth/login
2024-06-20T09:49:39.386Z - POST /auth/login
2024-06-20T09:49:39.560Z - POST /auth/login
2024-06-20T09:49:39.561Z - POST /auth/login
2024-06-20T09:49:39.785Z - POST /auth/login
2024-06-20T09:49:39.795Z - POST /auth/login
2024-06-20T09:49:40.011Z - POST /auth/login
2024-06-20T09:49:40.216Z - POST /auth/login
2024-06-20T09:49:40.219Z - POST /auth/login
2024-06-20T09:49:40.220Z - POST /auth/login
2024-06-20T09:49:40.421Z - POST /auth/login
2024-06-20T09:49:40.561Z - POST /auth/login
2024-06-20T09:49:40.834Z - POST /auth/login
2024-06-20T09:49:41.240Z - POST /auth/login
2024-06-20T09:49:41.446Z - POST /auth/login
2024-06-20T09:49:41.444Z - POST /auth/login
2024-06-20T09:49:41.543Z - POST /auth/login
2024-06-20T09:49:41.671Z - POST /auth/login
2024-06-20T09:49:41.720Z - POST /auth/login
2024-06-20T09:49:41.721Z - POST /auth/login
2024-06-20T09:49:41.739Z - POST /auth/login
2024-06-20T09:49:41.871Z - POST /auth/login
2024-06-20T09:49:42.111Z - POST /auth/login
2024-06-20T09:49:42.162Z - POST /auth/login
2024-06-20T09:49:42.288Z - POST /auth/login
2024-06-20T09:49:42.363Z - POST /auth/login
2024-06-20T09:49:42.367Z - POST /auth/login
2024-06-20T09:49:42.609Z - POST /auth/login
2024-06-20T09:49:42.715Z - POST /auth/login
2024-06-20T09:49:43.018Z - POST /auth/login
2024-06-20T09:49:43.020Z - POST /auth/login
2024-06-20T09:49:43.094Z - POST /auth/login
2024-06-20T09:49:43.253Z - POST /auth/login
2024-06-20T09:49:43.418Z - POST /auth/login
2024-06-20T09:49:43.490Z - POST /auth/login
2024-06-20T09:49:43.491Z - POST /auth/login
2024-06-20T09:49:43.825Z - POST /auth/login
2024-06-20T09:49:43.934Z - POST /auth/login
2024-06-20T09:49:44.217Z - POST /auth/login
2024-06-20T09:49:44.662Z - POST /auth/login
2024-06-20T09:49:44.740Z - POST /auth/login
2024-06-20T09:49:45.470Z - POST /wp-login.php
2024-06-20T09:49:45.482Z - POST /wp-login.php
2024-06-20T09:49:45.746Z - POST /auth/login
2024-06-20T09:49:45.967Z - POST /auth/login
2024-06-20T09:49:46.155Z - POST /auth/login
2024-06-20T09:49:46.465Z - POST /auth/login
2024-06-20T09:49:46.564Z - POST /auth/login
2024-06-20T09:49:47.162Z - POST /auth/login
2024-06-20T09:49:47.562Z - POST /auth/login
2024-06-20T09:49:47.792Z - POST /auth/login
2024-06-20T09:49:47.946Z - POST /auth/login
2024-06-20T09:49:48.156Z - POST /auth/login
2024-06-20T09:49:48.386Z - POST /auth/login
2024-06-20T09:49:48.612Z - POST /auth/login
2024-06-20T09:49:48.850Z - POST /auth/login
2024-06-20T09:49:48.937Z - POST /auth/login
2024-06-20T09:49:49.226Z - POST /auth/login
2024-06-20T09:49:49.544Z - POST /auth/login
2024-06-20T09:49:49.614Z - POST /auth/login
2024-06-20T09:49:49.831Z - POST /auth/login
2024-06-20T09:49:49.847Z - POST /auth/login
2024-06-20T09:49:50.167Z - POST /auth/login
2024-06-20T09:49:50.168Z - POST /auth/login
2024-06-20T09:49:57.213Z - POST /auth/login
2024-06-20T09:49:57.385Z - POST /auth/login
2024-06-20T09:49:57.576Z - POST /auth/login
2024-06-20T09:49:57.736Z - POST /auth/login
2024-06-20T09:49:57.827Z - POST /auth/login
2024-06-20T09:49:58.052Z - POST /auth/login
2024-06-20T09:49:58.072Z - POST /auth/login
2024-06-20T09:49:58.442Z - POST /auth/login
2024-06-20T09:49:59.057Z - POST /auth/login
2024-06-20T09:49:59.405Z - POST /auth/login
2024-06-20T09:49:59.407Z - POST /auth/login
2024-06-20T09:49:59.835Z - POST /auth/login
2024-06-20T09:50:00.057Z - POST /auth/login
2024-06-20T09:50:00.058Z - POST /auth/login
2024-06-20T09:50:03.552Z - GET /
2024-06-20T09:50:03.566Z - GET /auth/login
2024-06-20T09:50:06.319Z - POST /auth/login
2024-06-20T09:50:06.395Z - GET /join
2024-06-20T09:50:10.936Z - GET /
2024-06-20T09:50:32.927Z - POST /wp-login.php
2024-06-20T09:50:33.765Z - POST /auth/login
2024-06-20T09:50:35.176Z - POST /auth/login
2024-06-20T09:50:35.560Z - POST /auth/login
2024-06-20T09:50:35.871Z - POST /auth/login
2024-06-20T09:50:36.396Z - POST /wp-login.php
2024-06-20T09:50:36.632Z - POST /wp-login.php
2024-06-20T09:50:36.838Z - POST /auth/login
2024-06-20T09:50:37.246Z - POST /auth/login
2024-06-20T09:50:37.248Z - POST /auth/login
2024-06-20T09:50:37.451Z - POST /auth/login
2024-06-20T09:50:37.544Z - POST /auth/login
2024-06-20T09:50:37.664Z - POST /auth/login
2024-06-20T09:50:37.862Z - POST /auth/login
2024-06-20T09:50:37.913Z - POST /auth/login
2024-06-20T09:50:38.067Z - POST /auth/login
2024-06-20T09:50:38.142Z - POST /auth/login
2024-06-20T09:50:38.453Z - POST /auth/login
2024-06-20T09:50:38.519Z - POST /auth/login
2024-06-20T09:50:38.536Z - POST /auth/login
2024-06-20T09:50:38.681Z - POST /auth/login
2024-06-20T09:50:38.795Z - POST /auth/login
2024-06-20T09:50:38.912Z - POST /auth/login
2024-06-20T09:50:39.000Z - POST /auth/login
2024-06-20T09:50:39.084Z - POST /auth/login
2024-06-20T09:50:39.105Z - POST /auth/login
2024-06-20T09:50:39.505Z - POST /auth/login
2024-06-20T09:50:39.610Z - POST /auth/login
2024-06-20T09:50:39.891Z - POST /auth/login
2024-06-20T09:50:40.159Z - POST /auth/login
2024-06-20T09:50:40.216Z - POST /auth/login
2024-06-20T09:50:40.317Z - POST /auth/login
2024-06-20T09:50:40.401Z - POST /auth/login
2024-06-20T09:50:40.412Z - POST /auth/login
2024-06-20T09:50:40.511Z - POST /auth/login
2024-06-20T09:50:41.019Z - POST /auth/login
2024-06-20T09:50:41.039Z - POST /auth/login
2024-06-20T09:50:41.224Z - POST /auth/login
2024-06-20T09:50:41.255Z - POST /auth/login
2024-06-20T09:50:41.433Z - POST /auth/login
2024-06-20T09:50:41.546Z - POST /auth/login
2024-06-20T09:50:41.896Z - POST /auth/login
2024-06-20T09:50:41.951Z - POST /auth/login
2024-06-20T09:50:42.095Z - POST /auth/login
2024-06-20T09:50:42.133Z - POST /auth/login
2024-06-20T09:50:42.153Z - POST /auth/login
2024-06-20T09:50:42.301Z - POST /auth/login
2024-06-20T09:50:42.341Z - POST /auth/login
2024-06-20T09:50:42.495Z - POST /auth/login
2024-06-20T09:50:42.539Z - POST /auth/login
2024-06-20T09:50:42.665Z - POST /auth/login
2024-06-20T09:50:42.690Z - POST /auth/login
2024-06-20T09:50:42.744Z - POST /auth/login
2024-06-20T09:50:42.921Z - POST /auth/login
2024-06-20T09:50:42.922Z - POST /auth/login
2024-06-20T09:50:42.938Z - POST /auth/login
2024-06-20T09:50:43.143Z - POST /auth/login
2024-06-20T09:50:43.144Z - POST /auth/login
2024-06-20T09:50:43.402Z - POST /auth/login
2024-06-20T09:50:43.611Z - POST /auth/login
2024-06-20T09:50:44.051Z - POST /auth/login
2024-06-20T09:50:44.801Z - POST /auth/login
2024-06-20T09:50:45.233Z - POST /auth/login
2024-06-20T09:51:02.435Z - POST /wp-login.php
2024-06-20T09:51:02.576Z - POST /wp-login.php
2024-06-20T09:51:02.844Z - POST /auth/login
2024-06-20T09:51:03.050Z - POST /auth/login
2024-06-20T09:51:03.254Z - POST /auth/login
2024-06-20T09:51:03.554Z - POST /auth/login
2024-06-20T09:51:03.653Z - POST /auth/login
2024-06-20T09:51:04.043Z - POST /auth/login
2024-06-20T09:51:04.482Z - POST /auth/login
2024-06-20T09:51:04.685Z - POST /auth/login
2024-06-20T09:51:05.301Z - POST /auth/login
2024-06-20T09:51:05.302Z - POST /auth/login
2024-06-20T09:51:05.711Z - POST /auth/login
2024-06-20T09:51:05.790Z - POST /auth/login
2024-06-20T09:51:07.144Z - POST /auth/login
2024-06-20T09:51:07.527Z - POST /auth/login
2024-06-20T09:51:07.685Z - POST /auth/login
2024-06-20T09:51:08.373Z - POST /auth/login
2024-06-20T09:51:08.375Z - POST /auth/login
2024-06-20T09:51:08.966Z - POST /auth/login
2024-06-20T09:51:09.324Z - POST /auth/login
2024-06-20T09:51:09.346Z - POST /auth/login
2024-06-20T09:51:09.784Z - POST /auth/login
2024-06-20T09:51:10.171Z - POST /auth/login
2024-06-20T09:51:10.173Z - POST /auth/login
2024-06-20T09:51:10.625Z - POST /auth/login
2024-06-20T09:51:11.048Z - POST /auth/login
2024-06-20T09:51:11.058Z - POST /auth/login
2024-06-20T09:51:11.560Z - POST /auth/login
2024-06-20T09:51:12.059Z - POST /auth/login
2024-06-20T09:51:12.237Z - POST /auth/login
2024-06-20T09:51:12.645Z - POST /auth/login
2024-06-20T09:51:12.646Z - POST /auth/login
2024-06-20T09:51:13.129Z - POST /auth/login
2024-06-20T09:51:13.576Z - POST /auth/login
2024-06-20T09:51:13.697Z - POST /auth/login
2024-06-20T09:51:14.652Z - GET /
2024-06-20T09:51:14.706Z - POST /auth/login
2024-06-20T09:51:14.864Z - POST /auth/login
2024-06-20T09:51:15.129Z - POST /auth/login
2024-06-20T09:51:15.511Z - POST /auth/login
2024-06-20T09:51:16.359Z - POST /auth/login
2024-06-20T09:51:32.742Z - POST /wp-login.php
2024-06-20T09:51:32.924Z - POST /wp-login.php
2024-06-20T09:51:33.152Z - POST /auth/login
2024-06-20T09:51:33.165Z - POST /auth/login
2024-06-20T09:51:34.060Z - POST /auth/login
2024-06-20T09:51:34.061Z - POST /auth/login
2024-06-20T09:51:34.335Z - POST /auth/login
2024-06-20T09:51:34.562Z - POST /auth/login
2024-06-20T09:51:34.595Z - POST /auth/login
2024-06-20T09:51:34.789Z - POST /auth/login
2024-06-20T09:51:35.560Z - POST /auth/login
2024-06-20T09:51:35.793Z - POST /auth/login
2024-06-20T09:51:35.794Z - POST /auth/login
2024-06-20T09:51:36.038Z - POST /auth/login
2024-06-20T09:51:36.039Z - POST /auth/login
2024-06-20T09:51:36.429Z - POST /auth/login
2024-06-20T09:51:36.536Z - POST /auth/login
2024-06-20T09:51:36.705Z - POST /auth/login
2024-06-20T09:51:36.795Z - POST /auth/login
2024-06-20T09:51:37.212Z - POST /auth/login
2024-06-20T09:51:37.214Z - POST /auth/login
2024-06-20T09:51:37.678Z - POST /auth/login
2024-06-20T09:51:37.680Z - POST /auth/login
2024-06-20T09:51:37.911Z - POST /auth/login
2024-06-20T09:51:37.914Z - POST /auth/login
2024-06-20T09:51:38.145Z - POST /auth/login
2024-06-20T09:51:38.146Z - POST /auth/login
2024-06-20T09:51:38.430Z - POST /auth/login
2024-06-20T09:51:38.759Z - POST /auth/login
2024-06-20T09:51:38.830Z - POST /auth/login
2024-06-20T09:51:39.085Z - POST /auth/login
2024-06-20T09:51:39.161Z - POST /auth/login
2024-06-20T09:51:39.309Z - POST /auth/login
2024-06-20T09:51:39.384Z - POST /auth/login
2024-06-20T09:51:39.503Z - POST /auth/login
2024-06-20T09:51:39.909Z - POST /auth/login
2024-06-20T09:51:40.008Z - POST /auth/login
2024-06-20T09:51:40.144Z - POST /auth/login
2024-06-20T09:51:40.319Z - POST /auth/login
2024-06-20T09:51:40.522Z - POST /auth/login
2024-06-20T09:51:40.727Z - POST /auth/login
2024-06-20T09:51:41.066Z - POST /auth/login
2024-06-20T09:52:33.971Z - POST /wp-login.php
2024-06-20T09:52:34.380Z - POST /auth/login
2024-06-20T09:52:34.567Z - POST /wp-login.php
2024-06-20T09:52:34.790Z - POST /auth/login
2024-06-20T09:52:34.972Z - POST /auth/login
2024-06-20T09:52:35.361Z - POST /auth/login
2024-06-20T09:52:35.360Z - POST /auth/login
2024-06-20T09:52:35.708Z - POST /auth/login
2024-06-20T09:52:35.718Z - POST /auth/login
2024-06-20T09:52:36.824Z - POST /auth/login
2024-06-20T09:52:36.825Z - POST /auth/login
2024-06-20T09:52:37.225Z - POST /auth/login
2024-06-20T09:52:37.451Z - POST /auth/login
2024-06-20T09:52:37.559Z - POST /auth/login
2024-06-20T09:52:38.270Z - POST /auth/login
2024-06-20T09:52:38.680Z - POST /auth/login
2024-06-20T09:52:38.884Z - POST /auth/login
2024-06-20T09:52:39.067Z - POST /auth/login
2024-06-20T09:52:39.297Z - POST /auth/login
2024-06-20T09:52:39.704Z - POST /auth/login
2024-06-20T09:52:39.886Z - POST /auth/login
2024-06-20T09:52:40.501Z - POST /auth/login
2024-06-20T09:52:40.932Z - POST /auth/login
2024-06-20T09:52:41.117Z - POST /auth/login
2024-06-20T09:52:41.296Z - POST /auth/login
2024-06-20T09:52:41.547Z - POST /auth/login
2024-06-20T09:52:44.494Z - GET /create
2024-06-20T09:52:44.543Z - GET /created-rooms
2024-06-20T09:52:44.954Z - GET /about
2024-06-20T09:52:44.991Z - GET /styles/home.css
2024-06-20T09:52:45.001Z - GET /access/home.css
2024-06-20T09:52:45.510Z - GET /create
2024-06-20T09:52:45.553Z - GET /created-rooms
2024-06-20T09:52:45.970Z - GET /join
2024-06-20T09:52:46.516Z - GET /create
2024-06-20T09:52:46.565Z - GET /created-rooms
2024-06-20T09:52:46.936Z - GET /about
2024-06-20T09:52:46.974Z - GET /styles/home.css
2024-06-20T09:52:46.994Z - GET /access/home.css
2024-06-20T09:52:47.362Z - GET /create
2024-06-20T09:52:47.405Z - GET /created-rooms
2024-06-20T09:52:47.744Z - GET /join
2024-06-20T09:52:48.265Z - GET /create
2024-06-20T09:52:48.312Z - GET /created-rooms
2024-06-20T09:52:49.189Z - GET /about
2024-06-20T09:52:49.231Z - GET /styles/home.css
2024-06-20T09:52:49.239Z - GET /access/home.css
2024-06-21T13:39:10.053Z - GET /
2024-06-21T13:39:10.066Z - GET /auth/login
2024-06-21T13:39:13.035Z - POST /auth/login
2024-06-21T13:39:13.108Z - GET /join
2024-06-21T13:39:14.170Z - GET /create
2024-06-21T13:39:14.223Z - GET /created-rooms
2024-06-21T13:39:15.133Z - GET /join
2024-06-21T13:39:17.533Z - GET /create
2024-06-21T13:39:17.584Z - GET /created-rooms
2024-06-21T13:39:18.212Z - GET /about
2024-06-21T13:39:18.246Z - GET /styles/home.css
2024-06-21T13:39:18.263Z - GET /access/home.css
2024-06-21T13:39:18.822Z - GET /join
2024-06-21T13:39:24.601Z - GET /profile/hari
2024-06-21T13:39:25.488Z - GET /join
2024-06-21T13:39:27.862Z - GET /create
2024-06-21T13:39:27.911Z - GET /created-rooms
2024-06-21T13:39:28.811Z - GET /join
2024-06-21T13:44:27.835Z - GET /join
2024-06-21T13:44:28.307Z - GET /join
2024-06-21T13:44:28.480Z - GET /join
2024-06-21T13:44:28.653Z - GET /join
2024-06-21T13:44:28.816Z - GET /join
2024-06-21T13:44:28.973Z - GET /join
2024-06-21T13:46:17.729Z - GET /
2024-06-21T13:46:18.348Z - GET /auth/login
2024-06-21T13:46:29.814Z - POST /auth/login
2024-06-21T13:46:30.313Z - GET /join
2024-06-21T13:50:11.473Z - GET /favicon.ico
2024-06-21T13:50:12.064Z - GET /auth/login
2024-06-21T13:50:13.087Z - GET /join
2024-06-21T13:50:13.625Z - GET /auth/login
2024-06-21T13:50:22.297Z - POST /auth/login
2024-06-21T13:50:23.124Z - GET /join
2024-06-21T13:50:23.740Z - GET /access/undefined
2024-06-21T13:50:29.373Z - GET /
2024-06-21T13:51:26.317Z - GET /
2024-06-21T13:51:53.253Z - GET /
2024-06-21T13:53:21.715Z - GET /
2024-06-21T13:53:59.115Z - GET /profile/hari
2024-06-21T13:54:23.963Z - GET /
2024-06-21T13:55:07.122Z - GET /
2024-06-21T13:55:24.105Z - GET /
2024-06-21T13:55:37.797Z - GET /
2024-06-21T13:55:55.018Z - GET /
2024-06-21T13:56:05.215Z - GET /
2024-06-21T13:56:06.292Z - GET /
2024-06-21T13:56:06.701Z - GET /
2024-06-21T13:56:06.884Z - GET /
2024-06-21T13:56:47.890Z - GET /
2024-06-21T13:59:52.770Z - GET /
2024-06-21T14:00:30.291Z - GET /
2024-06-21T14:00:32.955Z - GET /
2024-06-21T14:01:03.995Z - GET /
2024-06-21T14:01:04.405Z - GET /
2024-06-21T14:03:07.101Z - GET /
2024-06-21T14:04:02.382Z - GET /
2024-06-21T14:04:13.657Z - GET /join
2024-06-21T14:04:13.662Z - GET /auth/login
2024-06-21T14:04:16.518Z - POST /auth/login
2024-06-21T14:04:16.578Z - GET /join
2024-06-21T14:04:16.585Z - GET /access/undefined
2024-06-21T14:04:21.647Z - GET /
2024-06-21T14:04:57.975Z - GET /
2024-06-21T14:05:00.527Z - GET /
2024-06-21T14:05:03.371Z - GET /
2024-06-21T14:05:21.825Z - GET /
2024-06-21T14:05:23.288Z - GET /
2024-06-21T14:05:23.482Z - GET /
2024-06-21T14:05:23.661Z - GET /
2024-06-21T14:05:23.817Z - GET /
2024-06-21T14:05:46.325Z - GET /
2024-06-21T14:05:55.443Z - GET /
2024-06-21T14:05:56.467Z - GET /
2024-06-21T14:05:56.659Z - GET /
2024-06-21T14:05:56.837Z - GET /
2024-06-21T14:06:29.929Z - GET /
2024-06-21T14:06:35.127Z - GET /
2024-06-21T14:06:43.024Z - GET /
2024-06-21T14:14:39.351Z - GET /
2024-06-21T14:14:39.965Z - GET /available-rooms
2024-06-21T14:14:40.579Z - GET /access/undefined
2024-06-21T14:17:57.462Z - GET /
2024-06-21T14:17:57.666Z - GET /
2024-06-21T14:17:58.238Z - GET /available-rooms
2024-06-21T14:17:58.895Z - GET /access/undefined
2024-06-21T14:18:24.851Z - GET /
2024-06-21T14:18:25.517Z - GET /available-rooms
2024-06-21T14:18:26.131Z - GET /access/undefined
2024-06-21T14:22:01.214Z - GET /
2024-06-21T14:22:02.415Z - GET /available-rooms
2024-06-21T14:22:02.927Z - GET /access/undefined
2024-06-21T14:22:47.465Z - GET /
2024-06-21T14:22:48.100Z - GET /available-rooms
2024-06-21T14:22:48.655Z - GET /access/undefined
2024-06-21T14:22:49.923Z - GET /
2024-06-21T14:22:50.560Z - GET /available-rooms
2024-06-21T14:22:51.175Z - GET /access/undefined
2024-06-21T14:22:51.388Z - GET /
2024-06-21T14:22:53.634Z - GET /available-rooms
2024-06-21T14:22:54.238Z - GET /access/undefined
2024-06-21T14:23:29.375Z - GET /
2024-06-21T14:23:29.427Z - GET /available-rooms
2024-06-21T14:23:29.435Z - GET /access/undefined
2024-06-21T14:24:42.926Z - GET /
2024-06-21T14:24:42.977Z - GET /available-rooms
2024-06-21T14:24:42.985Z - GET /access/undefined
2024-06-21T14:24:43.713Z - GET /
2024-06-21T14:24:43.759Z - GET /available-rooms
2024-06-21T14:24:43.765Z - GET /access/undefined
2024-06-21T14:24:49.035Z - GET /
2024-06-21T14:24:49.079Z - GET /available-rooms
2024-06-21T14:24:49.087Z - GET /access/undefined
2024-06-21T14:24:53.719Z - GET /
2024-06-21T14:24:53.762Z - GET /available-rooms
2024-06-21T14:24:53.771Z - GET /access/undefined
2024-06-21T14:24:54.316Z - GET /
2024-06-21T14:24:54.356Z - GET /available-rooms
2024-06-21T14:24:54.363Z - GET /access/undefined
2024-06-21T14:24:54.500Z - GET /
2024-06-21T14:24:54.549Z - GET /available-rooms
2024-06-21T14:24:54.563Z - GET /access/undefined
2024-06-21T14:24:59.176Z - GET /
2024-06-21T14:24:59.222Z - GET /available-rooms
2024-06-21T14:24:59.232Z - GET /access/undefined
2024-06-21T14:25:13.129Z - GET /
2024-06-21T14:25:13.176Z - GET /available-rooms
2024-06-21T14:25:13.182Z - GET /access/undefined
2024-06-21T14:25:27.741Z - GET /
2024-06-21T14:25:27.787Z - GET /available-rooms
2024-06-21T14:25:27.801Z - GET /access/undefined
2024-06-21T14:25:36.474Z - GET /
2024-06-21T14:25:36.529Z - GET /available-rooms
2024-06-21T14:25:36.544Z - GET /access/undefined
2024-06-21T14:25:37.050Z - GET /
2024-06-21T14:25:37.090Z - GET /available-rooms
2024-06-21T14:25:37.103Z - GET /access/undefined
2024-06-21T14:26:03.113Z - GET /
2024-06-21T14:26:03.158Z - GET /available-rooms
2024-06-21T14:26:03.180Z - GET /access/undefined
2024-06-21T14:26:10.890Z - GET /
2024-06-21T14:26:10.935Z - GET /available-rooms
2024-06-21T14:26:10.942Z - GET /access/undefined
2024-06-21T14:26:11.499Z - GET /
2024-06-21T14:26:11.545Z - GET /available-rooms
2024-06-21T14:26:11.552Z - GET /access/undefined
2024-06-21T14:26:17.593Z - GET /
2024-06-21T14:26:17.649Z - GET /available-rooms
2024-06-21T14:26:17.663Z - GET /access/undefined
2024-06-21T14:26:27.729Z - GET /
2024-06-21T14:26:27.778Z - GET /available-rooms
2024-06-21T14:26:27.787Z - GET /access/undefined
2024-06-21T14:26:38.797Z - GET /
2024-06-21T14:26:38.847Z - GET /available-rooms
2024-06-21T14:26:38.855Z - GET /access/undefined
2024-06-21T14:26:39.434Z - GET /
2024-06-21T14:26:39.482Z - GET /available-rooms
2024-06-21T14:26:39.492Z - GET /access/undefined
2024-06-21T14:26:55.858Z - GET /
2024-06-21T14:26:55.907Z - GET /available-rooms
2024-06-21T14:26:55.920Z - GET /access/undefined
2024-06-21T14:26:56.361Z - GET /
2024-06-21T14:26:56.412Z - GET /available-rooms
2024-06-21T14:26:56.428Z - GET /access/undefined
2024-06-21T14:27:11.426Z - GET /
2024-06-21T14:27:11.475Z - GET /available-rooms
2024-06-21T14:27:11.482Z - GET /access/undefined
2024-06-21T14:27:12.078Z - GET /
2024-06-21T14:27:12.122Z - GET /available-rooms
2024-06-21T14:27:12.133Z - GET /access/undefined
2024-06-21T14:27:12.275Z - GET /
2024-06-21T14:27:12.319Z - GET /available-rooms
2024-06-21T14:27:12.329Z - GET /access/undefined
2024-06-21T14:27:16.798Z - GET /
2024-06-21T14:27:16.848Z - GET /available-rooms
2024-06-21T14:27:16.860Z - GET /access/undefined
2024-06-21T14:27:17.339Z - GET /
2024-06-21T14:27:17.381Z - GET /available-rooms
2024-06-21T14:27:17.390Z - GET /access/undefined
2024-06-21T14:27:28.579Z - GET /
2024-06-21T14:27:28.628Z - GET /available-rooms
2024-06-21T14:27:28.637Z - GET /access/undefined
2024-06-21T14:28:13.113Z - GET /
2024-06-21T14:28:13.156Z - GET /available-rooms
2024-06-21T14:28:13.172Z - GET /access/undefined
2024-06-21T14:28:15.421Z - GET /
2024-06-21T14:28:15.462Z - GET /available-rooms
2024-06-21T14:28:15.472Z - GET /access/undefined
2024-06-21T14:28:16.589Z - GET /
2024-06-21T14:28:16.634Z - GET /available-rooms
2024-06-21T14:28:16.647Z - GET /access/undefined
2024-06-21T14:28:16.816Z - GET /
2024-06-21T14:28:16.870Z - GET /available-rooms
2024-06-21T14:28:16.884Z - GET /access/undefined
2024-06-21T14:28:24.789Z - GET /profile/hari
2024-06-21T14:28:52.454Z - GET /profile/hari
2024-06-21T14:29:10.941Z - GET /profile/hari
2024-06-21T14:36:12.908Z - GET /
2024-06-21T14:36:12.924Z - GET /auth/login
2024-06-21T14:38:02.258Z - POST /auth/login
2024-06-21T14:38:02.348Z - GET /join
2024-06-21T14:38:02.358Z - GET /access/undefined
2024-06-21T14:38:07.892Z - GET /
2024-06-21T14:38:07.953Z - GET /available-rooms
2024-06-21T14:38:10.057Z - GET /
2024-06-21T14:38:10.119Z - GET /available-rooms
2024-06-21T14:38:10.449Z - GET /
2024-06-21T14:38:10.494Z - GET /available-rooms
2024-06-21T14:38:10.662Z - GET /
2024-06-21T14:38:10.719Z - GET /available-rooms
2024-06-21T14:38:49.693Z - GET /
2024-06-21T14:38:49.703Z - GET /auth/login
2024-06-21T14:38:52.217Z - POST /auth/login
2024-06-21T14:38:52.301Z - GET /join
2024-06-21T14:38:52.315Z - GET /access/undefined
2024-06-21T14:38:55.113Z - GET /
2024-06-21T14:38:55.212Z - GET /available-rooms
2024-06-21T14:39:08.271Z - GET /
2024-06-21T14:39:08.333Z - GET /available-rooms
2024-06-21T14:40:14.487Z - GET /
2024-06-21T14:40:14.503Z - GET /auth/login
2024-06-21T14:40:17.044Z - POST /auth/login
2024-06-21T14:40:17.117Z - GET /join
2024-06-21T14:40:17.126Z - GET /access/undefined
2024-06-21T14:40:20.167Z - GET /
2024-06-21T14:40:20.236Z - GET /available-rooms
2024-06-21T14:40:49.307Z - GET /
2024-06-21T14:40:49.421Z - GET /available-rooms
2024-06-21T14:40:55.241Z - GET /
2024-06-21T14:40:55.390Z - GET /available-rooms
2024-06-21T14:41:11.115Z - GET /
2024-06-21T14:41:11.234Z - GET /available-rooms
2024-06-21T14:43:30.908Z - GET /
2024-06-21T14:43:30.926Z - GET /auth/login
2024-06-21T14:43:33.128Z - POST /auth/login
2024-06-21T14:43:33.226Z - GET /join
2024-06-21T14:43:33.240Z - GET /access/undefined
2024-06-21T14:43:36.742Z - GET /
2024-06-21T14:43:36.924Z - GET /available-rooms
2024-06-21T14:46:17.672Z - GET /favicon.ico
2024-06-21T14:46:17.684Z - GET /access/undefined
2024-06-21T14:48:10.069Z - GET /
2024-06-21T14:48:10.139Z - GET /available-rooms
2024-06-21T14:50:09.044Z - GET /
2024-06-21T14:50:09.098Z - GET /available-rooms
2024-06-21T14:51:39.835Z - GET /
2024-06-21T14:51:39.890Z - GET /available-rooms
2024-06-21T14:53:43.579Z - GET /
2024-06-21T14:53:43.649Z - GET /available-rooms
2024-06-21T14:54:02.388Z - GET /favicon.ico
2024-06-21T14:54:02.396Z - GET /access/undefined
2024-06-21T14:54:20.098Z - GET /
2024-06-21T14:54:20.196Z - GET /available-rooms
2024-06-21T14:55:34.996Z - GET /
2024-06-21T14:55:35.118Z - GET /available-rooms
2024-06-21T14:56:15.725Z - GET /
2024-06-21T14:56:15.818Z - GET /available-rooms
2024-06-21T14:56:24.796Z - GET /
2024-06-21T14:56:24.928Z - GET /available-rooms
2024-06-21T14:56:33.956Z - GET /
2024-06-21T14:56:34.100Z - GET /available-rooms
2024-06-21T14:56:44.436Z - GET /
2024-06-21T14:56:44.610Z - GET /available-rooms
2024-06-21T14:57:22.182Z - GET /
2024-06-21T14:57:22.366Z - GET /available-rooms
2024-06-21T14:57:45.725Z - GET /
2024-06-21T14:57:45.896Z - GET /available-rooms
2024-06-21T14:57:54.172Z - GET /
2024-06-21T14:57:54.278Z - GET /available-rooms
2024-06-21T14:59:08.199Z - GET /
2024-06-21T14:59:08.429Z - GET /available-rooms
2024-06-21T15:00:27.738Z - GET /
2024-06-21T15:00:27.862Z - GET /available-rooms
2024-06-21T15:00:59.109Z - GET /
2024-06-21T15:00:59.173Z - GET /available-rooms
2024-06-21T15:01:27.751Z - GET /
2024-06-21T15:01:27.833Z - GET /available-rooms
2024-06-21T15:02:13.207Z - GET /
2024-06-21T15:02:13.268Z - GET /available-rooms
2024-06-21T15:02:33.732Z - GET /
2024-06-21T15:02:33.797Z - GET /available-rooms
2024-06-21T15:02:57.480Z - GET /
2024-06-21T15:02:57.604Z - GET /available-rooms
2024-06-21T15:03:37.196Z - GET /
2024-06-21T15:03:37.270Z - GET /available-rooms
2024-06-21T15:05:44.050Z - GET /
2024-06-21T15:05:44.136Z - GET /available-rooms
2024-06-21T15:06:04.465Z - GET /
2024-06-21T15:06:04.574Z - GET /available-rooms
2024-06-21T15:06:28.496Z - GET /
2024-06-21T15:06:28.639Z - GET /available-rooms
2024-06-21T15:07:31.428Z - GET /
2024-06-21T15:07:31.570Z - GET /available-rooms
2024-06-21T15:07:39.468Z - GET /assets/js/fuck.js
2024-06-21T15:07:40.510Z - GET /auth/login
2024-06-21T15:14:18.267Z - GET /
2024-06-21T15:14:18.425Z - GET /available-rooms
2024-06-21T15:14:20.192Z - GET /available-rooms
2024-06-21T15:14:23.673Z - GET /available-rooms
2024-06-21T15:15:37.978Z - GET /
2024-06-21T15:15:38.098Z - GET /available-rooms
2024-06-21T15:15:40.286Z - GET /available-rooms
2024-06-21T15:15:43.164Z - GET /available-rooms
2024-06-21T15:15:45.274Z - GET /available-rooms
2024-06-21T15:15:46.784Z - GET /available-rooms
2024-06-21T15:15:48.245Z - GET /available-rooms
2024-06-21T15:15:49.183Z - GET /available-rooms
2024-06-21T15:15:57.103Z - GET /available-rooms
2024-06-21T15:16:01.694Z - GET /available-rooms
2024-06-21T15:16:08.156Z - GET /available-rooms
2024-06-21T15:16:09.325Z - GET /available-rooms
2024-06-21T15:17:05.319Z - GET /
2024-06-21T15:17:05.486Z - GET /available-rooms
2024-06-21T15:17:08.846Z - GET /available-rooms
2024-06-21T15:17:10.520Z - GET /available-rooms
2024-06-21T15:17:12.806Z - GET /available-rooms
2024-06-21T15:17:58.624Z - GET /
2024-06-21T15:17:58.688Z - GET /available-rooms
2024-06-21T15:17:59.410Z - GET /
2024-06-21T15:17:59.456Z - GET /available-rooms
2024-06-21T15:18:13.597Z - GET /
2024-06-21T15:18:13.644Z - GET /available-rooms
2024-06-21T15:18:34.914Z - GET /
2024-06-21T15:18:35.003Z - GET /available-rooms
2024-06-21T15:18:46.812Z - GET /
2024-06-21T15:18:46.874Z - GET /available-rooms
2024-06-21T15:19:00.007Z - GET /
2024-06-21T15:19:00.140Z - GET /available-rooms
2024-06-21T15:19:39.200Z - GET /
2024-06-21T15:19:39.271Z - GET /available-rooms
2024-06-21T15:19:39.640Z - GET /
2024-06-21T15:19:39.806Z - GET /available-rooms
2024-06-21T15:19:39.900Z - GET /
2024-06-21T15:19:40.086Z - GET /available-rooms
2024-06-21T15:19:56.799Z - GET /
2024-06-21T15:19:56.980Z - GET /available-rooms
2024-06-21T15:20:11.180Z - GET /
2024-06-21T15:20:11.257Z - GET /available-rooms
2024-06-21T15:20:40.652Z - GET /
2024-06-21T15:20:40.734Z - GET /available-rooms
2024-06-21T15:20:52.784Z - GET /
2024-06-21T15:21:16.904Z - GET /
2024-06-21T15:21:17.002Z - GET /available-rooms
2024-06-21T15:21:19.116Z - GET /room/332bd1b1-46a5-4143-86ef-dbd78296cccf
2024-06-21T15:21:22.779Z - GET /
2024-06-21T15:21:22.894Z - GET /available-rooms
2024-06-21T15:21:23.001Z - GET /
2024-06-21T15:21:23.212Z - GET /available-rooms
2024-06-21T15:21:26.915Z - GET /available-rooms
2024-06-21T15:21:28.274Z - GET /available-rooms
2024-06-21T15:21:29.932Z - GET /available-rooms
2024-06-21T15:22:13.219Z - GET /available-rooms
2024-06-21T15:22:14.288Z - GET /available-rooms
2024-06-21T15:25:14.467Z - GET /available-rooms
2024-06-21T15:27:48.080Z - GET /
2024-06-21T15:27:48.708Z - GET /auth/login
2024-06-21T15:27:54.956Z - POST /auth/login
2024-06-21T15:27:55.652Z - GET /auth/login
2024-06-21T15:28:01.361Z - POST /auth/login
2024-06-21T15:28:04.502Z - GET /auth/login
2024-06-21T16:35:46.576Z - GET /
2024-06-21T16:35:46.587Z - GET /auth/login
2024-06-21T16:35:47.816Z - GET /auth/login
2024-06-21T16:35:48.035Z - GET /auth/login
2024-06-21T16:35:48.555Z - GET /auth/login
2024-06-21T16:36:08.709Z - POST /auth/login
2024-06-21T16:36:08.787Z - GET /join
2024-06-21T16:36:08.798Z - GET /access/undefined
2024-06-21T16:36:13.071Z - GET /
2024-06-21T16:36:13.163Z - GET /available-rooms
2024-06-21T17:32:52.783Z - GET /
2024-06-21T17:32:52.793Z - GET /auth/login
2024-06-21T17:35:33.649Z - GET /
2024-06-21T17:35:34.271Z - GET /
2024-06-21T17:35:40.376Z - GET /auth/login
2024-06-21T17:36:38.127Z - POST /auth/login
2024-06-21T17:36:38.708Z - GET /join
2024-06-21T17:36:39.875Z - GET /access/undefined
2024-06-21T17:36:53.922Z - GET /
2024-06-21T17:36:56.926Z - GET /available-rooms
2024-06-21T17:38:06.720Z - GET /
2024-06-21T17:38:07.264Z - GET /auth/login
2024-06-21T17:38:22.451Z - GET /
2024-06-21T17:38:23.511Z - GET /auth/login
2024-06-21T17:38:49.214Z - POST /auth/login
2024-06-21T17:38:50.019Z - GET /join
2024-06-21T17:38:50.647Z - GET /access/undefined
2024-06-21T17:38:58.634Z - GET /
2024-06-21T17:39:00.794Z - GET /available-rooms
2024-06-21T17:39:05.495Z - GET /
2024-06-21T17:39:06.198Z - GET /available-rooms
2024-06-21T17:42:09.917Z - GET /profile/hari
